\BOOKMARK [1][-]{section.1}{图论}{}% 1
\BOOKMARK [2][-]{subsection.1.1}{线段树维护树直径}{section.1}% 2
\BOOKMARK [2][-]{subsection.1.2}{有向图判断两个点能否到达}{section.1}% 3
\BOOKMARK [2][-]{subsection.1.3}{spfa费用流}{section.1}% 4
\BOOKMARK [2][-]{subsection.1.4}{dinic最大流}{section.1}% 5
\BOOKMARK [2][-]{subsection.1.5}{DAG删去无用边}{section.1}% 6
\BOOKMARK [2][-]{subsection.1.6}{树分治}{section.1}% 7
\BOOKMARK [1][-]{section.2}{数据结构}{}% 8
\BOOKMARK [2][-]{subsection.2.1}{treap}{section.2}% 9
\BOOKMARK [2][-]{subsection.2.2}{KDTree}{section.2}% 10
\BOOKMARK [3][-]{subsubsection.2.2.1}{3维KDtree}{subsection.2.2}% 11
\BOOKMARK [3][-]{subsubsection.2.2.2}{KDtree二维空间区间覆盖单点查询}{subsection.2.2}% 12
\BOOKMARK [3][-]{subsubsection.2.2.3}{KDtree二维空间单点修改区间查询}{subsection.2.2}% 13
\BOOKMARK [3][-]{subsubsection.2.2.4}{KDtree找最近点}{subsection.2.2}% 14
\BOOKMARK [1][-]{section.3}{构造}{}% 15
\BOOKMARK [2][-]{subsection.3.1}{若干排列使所有数对都出现一次}{section.3}% 16
\BOOKMARK [2][-]{subsection.3.2}{rec-free}{section.3}% 17
\BOOKMARK [1][-]{section.4}{计算几何}{}% 18
\BOOKMARK [2][-]{subsection.4.1}{最小矩形覆盖含凸包和旋转卡壳}{section.4}% 19
\BOOKMARK [1][-]{section.5}{其他}{}% 20
\BOOKMARK [2][-]{subsection.5.1}{数字哈希}{section.5}% 21
\BOOKMARK [2][-]{subsection.5.2}{海岛分金币}{section.5}% 22
\BOOKMARK [3][-]{subsubsection.5.2.1}{海岛分金币1}{subsection.5.2}% 23
\BOOKMARK [3][-]{subsubsection.5.2.2}{海岛分金币2}{subsection.5.2}% 24
\BOOKMARK [2][-]{subsection.5.3}{根号枚举}{section.5}% 25
\BOOKMARK [2][-]{subsection.5.4}{读入输出外挂}{section.5}% 26
\BOOKMARK [2][-]{subsection.5.5}{给定小数化成分数}{section.5}% 27
